{"name": "test_product_compare_004", "status": "broken", "statusDetails": {"message": "selenium.common.exceptions.NoSuchElementException: Message: no such element: Unable to locate element: {\"method\":\"xpath\",\"selector\":\"//i[@class='fa fa-th-list']\"}\n  (Session info: chrome=143.0.7499.193); For documentation on this error, please visit: https://www.selenium.dev/documentation/webdriver/troubleshooting/errors#nosuchelementexception\nStacktrace:\nSymbols not available. Dumping unresolved backtrace:\n\t0x7ff64fc1a235\n\t0x7ff64f972630\n\t0x7ff64f7016dd\n\t0x7ff64f75a27e\n\t0x7ff64f75a58c\n\t0x7ff64f7aed77\n\t0x7ff64f7ababa\n\t0x7ff64f74b0ed\n\t0x7ff64f74bf63\n\t0x7ff64fc45d60\n\t0x7ff64fc3fe8a\n\t0x7ff64fc61005\n\t0x7ff64f98d71e\n\t0x7ff64f994e1f\n\t0x7ff64f97b7c4\n\t0x7ff64f97b97f\n\t0x7ff64f9618e8\n\t0x7ffe19e5e8d7\n\t0x7ffe1c0cc53c", "trace": "self = <testCases.test_product_compare.Test_006_Product_Compare object at 0x000001DC43255F30>\nsetup = <selenium.webdriver.chrome.webdriver.WebDriver (session=\"338131f830740de48a5eedd831b7d70c\")>\n\n    @pytest.mark.sanity\n    def test_product_compare_004(self, setup):\n        self.driver = setup\n        self.logger.info(\"***************** Test Product Compare 004 Is Start *****************\")\n        self.driver.get(self.baseURL)\n        self.logger.info(\"Navigating to the url\")\n        self.pc = ProductComparePage(self.driver)\n        act = ActionChains(self.driver)\n        act.move_to_element(self.pc.desktops_option()).move_to_element(self.pc.show_all_desktops_option()).click().perform()\n        self.logger.info(\"hovering on desktops option and clicking on show all desktops option\")\n>       self.pc.click_on_list_view_button()\n\ntestCases\\test_product_compare.py:149: \n_ _ _ _ _ _ _ _ _ _ _ _ _ _ _ _ _ _ _ _ _ _ _ _ _ _ _ _ _ _ _ _ _ _ _ _ _ _ _ _\npageObjects\\ProductComparePage.py:61: in click_on_list_view_button\n    self.driver.find_element(*ProductComparePage.btnListView).click()\n    ^^^^^^^^^^^^^^^^^^^^^^^^^^^^^^^^^^^^^^^^^^^^^^^^^^^^^^^^^\n.venv\\Lib\\site-packages\\selenium\\webdriver\\remote\\webdriver.py:926: in find_element\n    return self.execute(Command.FIND_ELEMENT, {\"using\": by, \"value\": value})[\"value\"]\n           ^^^^^^^^^^^^^^^^^^^^^^^^^^^^^^^^^^^^^^^^^^^^^^^^^^^^^^^^^^^^^^^^^\n.venv\\Lib\\site-packages\\selenium\\webdriver\\remote\\webdriver.py:458: in execute\n    self.error_handler.check_response(response)\n_ _ _ _ _ _ _ _ _ _ _ _ _ _ _ _ _ _ _ _ _ _ _ _ _ _ _ _ _ _ _ _ _ _ _ _ _ _ _ _\n\nself = <selenium.webdriver.remote.errorhandler.ErrorHandler object at 0x000001DC445A0A10>\nresponse = {'status': 404, 'value': '{\"value\":{\"error\":\"no such element\",\"message\":\"no such element: Unable to locate element: {\\...ff64f994e1f\\\\n\\\\t0x7ff64f97b7c4\\\\n\\\\t0x7ff64f97b97f\\\\n\\\\t0x7ff64f9618e8\\\\n\\\\t0x7ffe19e5e8d7\\\\n\\\\t0x7ffe1c0cc53c\\\\n\"}}'}\n\n    def check_response(self, response: dict[str, Any]) -> None:\n        \"\"\"Checks that a JSON response from the WebDriver does not have an\n        error.\n    \n        :Args:\n         - response - The JSON response from the WebDriver server as a dictionary\n           object.\n    \n        :Raises: If the response contains an error message.\n        \"\"\"\n        status = response.get(\"status\", None)\n        if not status or status == ErrorCode.SUCCESS:\n            return\n        value = None\n        message = response.get(\"message\", \"\")\n        screen: str = response.get(\"screen\", \"\")\n        stacktrace = None\n        if isinstance(status, int):\n            value_json = response.get(\"value\", None)\n            if value_json and isinstance(value_json, str):\n                try:\n                    value = json.loads(value_json)\n                    if isinstance(value, dict):\n                        if len(value) == 1:\n                            value = value[\"value\"]\n                        status = value.get(\"error\", None)\n                        if not status:\n                            status = value.get(\"status\", ErrorCode.UNKNOWN_ERROR)\n                            message = value.get(\"value\") or value.get(\"message\")\n                            if not isinstance(message, str):\n                                value = message\n                                message = message.get(\"message\")\n                        else:\n                            message = value.get(\"message\", None)\n                except ValueError:\n                    pass\n    \n        exception_class: type[WebDriverException]\n        e = ErrorCode()\n        error_codes = [item for item in dir(e) if not item.startswith(\"__\")]\n        for error_code in error_codes:\n            error_info = getattr(ErrorCode, error_code)\n            if isinstance(error_info, list) and status in error_info:\n                exception_class = getattr(ExceptionMapping, error_code, WebDriverException)\n                break\n        else:\n            exception_class = WebDriverException\n    \n        if not value:\n            value = response[\"value\"]\n        if isinstance(value, str):\n            raise exception_class(value)\n        if message == \"\" and \"message\" in value:\n            message = value[\"message\"]\n    \n        screen = None  # type: ignore[assignment]\n        if \"screen\" in value:\n            screen = value[\"screen\"]\n    \n        stacktrace = None\n        st_value = value.get(\"stackTrace\") or value.get(\"stacktrace\")\n        if st_value:\n            if isinstance(st_value, str):\n                stacktrace = st_value.split(\"\\n\")\n            else:\n                stacktrace = []\n                try:\n                    for frame in st_value:\n                        line = frame.get(\"lineNumber\", \"\")\n                        file = frame.get(\"fileName\", \"<anonymous>\")\n                        if line:\n                            file = f\"{file}:{line}\"\n                        meth = frame.get(\"methodName\", \"<anonymous>\")\n                        if \"className\" in frame:\n                            meth = f\"{frame['className']}.{meth}\"\n                        msg = \"    at %s (%s)\"\n                        msg = msg % (meth, file)\n                        stacktrace.append(msg)\n                except TypeError:\n                    pass\n        if exception_class == UnexpectedAlertPresentException:\n            alert_text = None\n            if \"data\" in value:\n                alert_text = value[\"data\"].get(\"text\")\n            elif \"alert\" in value:\n                alert_text = value[\"alert\"].get(\"text\")\n            raise exception_class(message, screen, stacktrace, alert_text)  # type: ignore[call-arg]  # mypy is not smart enough here\n>       raise exception_class(message, screen, stacktrace)\nE       selenium.common.exceptions.NoSuchElementException: Message: no such element: Unable to locate element: {\"method\":\"xpath\",\"selector\":\"//i[@class='fa fa-th-list']\"}\nE         (Session info: chrome=143.0.7499.193); For documentation on this error, please visit: https://www.selenium.dev/documentation/webdriver/troubleshooting/errors#nosuchelementexception\nE       Stacktrace:\nE       Symbols not available. Dumping unresolved backtrace:\nE       \t0x7ff64fc1a235\nE       \t0x7ff64f972630\nE       \t0x7ff64f7016dd\nE       \t0x7ff64f75a27e\nE       \t0x7ff64f75a58c\nE       \t0x7ff64f7aed77\nE       \t0x7ff64f7ababa\nE       \t0x7ff64f74b0ed\nE       \t0x7ff64f74bf63\nE       \t0x7ff64fc45d60\nE       \t0x7ff64fc3fe8a\nE       \t0x7ff64fc61005\nE       \t0x7ff64f98d71e\nE       \t0x7ff64f994e1f\nE       \t0x7ff64f97b7c4\nE       \t0x7ff64f97b97f\nE       \t0x7ff64f9618e8\nE       \t0x7ffe19e5e8d7\nE       \t0x7ffe1c0cc53c\n\n.venv\\Lib\\site-packages\\selenium\\webdriver\\remote\\errorhandler.py:232: NoSuchElementException"}, "attachments": [{"name": "log", "source": "c0a2acb2-c651-438d-b5e5-9b1e79bd3cff-attachment.txt", "type": "text/plain"}], "start": 1768337943201, "stop": 1768337956495, "uuid": "ba54b7b2-26a0-4676-86ee-220eb6ffe917", "historyId": "4f15c0a656c47377a45b1b28206153aa", "testCaseId": "4f15c0a656c47377a45b1b28206153aa", "fullName": "test_product_compare.Test_006_Product_Compare#test_product_compare_004", "labels": [{"name": "tag", "value": "sanity"}, {"name": "suite", "value": "test_product_compare"}, {"name": "subSuite", "value": "Test_006_Product_Compare"}, {"name": "host", "value": "lukesh"}, {"name": "thread", "value": "2520-MainThread"}, {"name": "framework", "value": "pytest"}, {"name": "language", "value": "cpython3"}, {"name": "package", "value": "test_product_compare"}], "titlePath": ["test_product_compare.py", "Test_006_Product_Compare"]}