{"name": "test_home_page_004", "status": "broken", "statusDetails": {"message": "selenium.common.exceptions.ElementClickInterceptedException: Message: element click intercepted: Element <a href=\"https://tutorialsninja.com/demo/index.php?route=product/category&amp;path=20_26\">...</a> is not clickable at point (80, 13). Other element would receive the click: <nav id=\"top\">...</nav>\n  (Session info: chrome=143.0.7499.193); For documentation on this error, please visit: https://www.selenium.dev/documentation/webdriver/troubleshooting/errors#elementclickinterceptedexception\nStacktrace:\nSymbols not available. Dumping unresolved backtrace:\n\t0x7ff64fc1a235\n\t0x7ff64f972630\n\t0x7ff64f7016dd\n\t0x7ff64f7624c9\n\t0x7ff64f75fe4e\n\t0x7ff64f75cd71\n\t0x7ff64f75bc10\n\t0x7ff64f74d77f\n\t0x7ff64f782b0a\n\t0x7ff64f74cc36\n\t0x7ff64f7ababa\n\t0x7ff64f74b0ed\n\t0x7ff64f74bf63\n\t0x7ff64fc45d60\n\t0x7ff64fc3fe8a\n\t0x7ff64fc61005\n\t0x7ff64f98d71e\n\t0x7ff64f994e1f\n\t0x7ff64f97b7c4\n\t0x7ff64f97b97f\n\t0x7ff64f9618e8\n\t0x7ffe19e5e8d7\n\t0x7ffe1c0cc53c", "trace": "self = <testCases.test_home_page.Test_011_Home_Page object at 0x0000029FBB6B95B0>\nsetup = <selenium.webdriver.chrome.webdriver.WebDriver (session=\"a4219e4b52d043982aede1feac138e17\")>\n\n    @pytest.mark.sanity\n    def test_home_page_004(self, setup):\n        self.logger.info(\"*************************** Test Home Page 004 is Start *******************************\")\n        self.driver = setup\n        self.driver.get(self.baseURL)\n        self.logger.info(\"Navigating to the base url\")\n        self.pc = ProductComparePage(self.driver)\n        act = ActionChains(self.driver)\n        act.move_to_element(self.pc.desktops_option()).perform()\n        self.logger.info(\"hovering on desktop option\")\n        self.hp = HomePage(self.driver)\n>       self.hp.pc_zero_product_option()\n\ntestCases\\test_home_page.py:84: \n_ _ _ _ _ _ _ _ _ _ _ _ _ _ _ _ _ _ _ _ _ _ _ _ _ _ _ _ _ _ _ _ _ _ _ _ _ _ _ _\npageObjects\\HomePage.py:44: in pc_zero_product_option\n    zero_product_option.click()\n.venv\\Lib\\site-packages\\selenium\\webdriver\\remote\\webelement.py:120: in click\n    self._execute(Command.CLICK_ELEMENT)\n.venv\\Lib\\site-packages\\selenium\\webdriver\\remote\\webelement.py:573: in _execute\n    return self._parent.execute(command, params)\n           ^^^^^^^^^^^^^^^^^^^^^^^^^^^^^^^^^^^^^\n.venv\\Lib\\site-packages\\selenium\\webdriver\\remote\\webdriver.py:458: in execute\n    self.error_handler.check_response(response)\n_ _ _ _ _ _ _ _ _ _ _ _ _ _ _ _ _ _ _ _ _ _ _ _ _ _ _ _ _ _ _ _ _ _ _ _ _ _ _ _\n\nself = <selenium.webdriver.remote.errorhandler.ErrorHandler object at 0x0000029FBBEFD550>\nresponse = {'status': 400, 'value': '{\"value\":{\"error\":\"element click intercepted\",\"message\":\"element click intercepted: Element ...ff64f994e1f\\\\n\\\\t0x7ff64f97b7c4\\\\n\\\\t0x7ff64f97b97f\\\\n\\\\t0x7ff64f9618e8\\\\n\\\\t0x7ffe19e5e8d7\\\\n\\\\t0x7ffe1c0cc53c\\\\n\"}}'}\n\n    def check_response(self, response: dict[str, Any]) -> None:\n        \"\"\"Checks that a JSON response from the WebDriver does not have an\n        error.\n    \n        :Args:\n         - response - The JSON response from the WebDriver server as a dictionary\n           object.\n    \n        :Raises: If the response contains an error message.\n        \"\"\"\n        status = response.get(\"status\", None)\n        if not status or status == ErrorCode.SUCCESS:\n            return\n        value = None\n        message = response.get(\"message\", \"\")\n        screen: str = response.get(\"screen\", \"\")\n        stacktrace = None\n        if isinstance(status, int):\n            value_json = response.get(\"value\", None)\n            if value_json and isinstance(value_json, str):\n                try:\n                    value = json.loads(value_json)\n                    if isinstance(value, dict):\n                        if len(value) == 1:\n                            value = value[\"value\"]\n                        status = value.get(\"error\", None)\n                        if not status:\n                            status = value.get(\"status\", ErrorCode.UNKNOWN_ERROR)\n                            message = value.get(\"value\") or value.get(\"message\")\n                            if not isinstance(message, str):\n                                value = message\n                                message = message.get(\"message\")\n                        else:\n                            message = value.get(\"message\", None)\n                except ValueError:\n                    pass\n    \n        exception_class: type[WebDriverException]\n        e = ErrorCode()\n        error_codes = [item for item in dir(e) if not item.startswith(\"__\")]\n        for error_code in error_codes:\n            error_info = getattr(ErrorCode, error_code)\n            if isinstance(error_info, list) and status in error_info:\n                exception_class = getattr(ExceptionMapping, error_code, WebDriverException)\n                break\n        else:\n            exception_class = WebDriverException\n    \n        if not value:\n            value = response[\"value\"]\n        if isinstance(value, str):\n            raise exception_class(value)\n        if message == \"\" and \"message\" in value:\n            message = value[\"message\"]\n    \n        screen = None  # type: ignore[assignment]\n        if \"screen\" in value:\n            screen = value[\"screen\"]\n    \n        stacktrace = None\n        st_value = value.get(\"stackTrace\") or value.get(\"stacktrace\")\n        if st_value:\n            if isinstance(st_value, str):\n                stacktrace = st_value.split(\"\\n\")\n            else:\n                stacktrace = []\n                try:\n                    for frame in st_value:\n                        line = frame.get(\"lineNumber\", \"\")\n                        file = frame.get(\"fileName\", \"<anonymous>\")\n                        if line:\n                            file = f\"{file}:{line}\"\n                        meth = frame.get(\"methodName\", \"<anonymous>\")\n                        if \"className\" in frame:\n                            meth = f\"{frame['className']}.{meth}\"\n                        msg = \"    at %s (%s)\"\n                        msg = msg % (meth, file)\n                        stacktrace.append(msg)\n                except TypeError:\n                    pass\n        if exception_class == UnexpectedAlertPresentException:\n            alert_text = None\n            if \"data\" in value:\n                alert_text = value[\"data\"].get(\"text\")\n            elif \"alert\" in value:\n                alert_text = value[\"alert\"].get(\"text\")\n            raise exception_class(message, screen, stacktrace, alert_text)  # type: ignore[call-arg]  # mypy is not smart enough here\n>       raise exception_class(message, screen, stacktrace)\nE       selenium.common.exceptions.ElementClickInterceptedException: Message: element click intercepted: Element <a href=\"https://tutorialsninja.com/demo/index.php?route=product/category&amp;path=20_26\">...</a> is not clickable at point (80, 13). Other element would receive the click: <nav id=\"top\">...</nav>\nE         (Session info: chrome=143.0.7499.193); For documentation on this error, please visit: https://www.selenium.dev/documentation/webdriver/troubleshooting/errors#elementclickinterceptedexception\nE       Stacktrace:\nE       Symbols not available. Dumping unresolved backtrace:\nE       \t0x7ff64fc1a235\nE       \t0x7ff64f972630\nE       \t0x7ff64f7016dd\nE       \t0x7ff64f7624c9\nE       \t0x7ff64f75fe4e\nE       \t0x7ff64f75cd71\nE       \t0x7ff64f75bc10\nE       \t0x7ff64f74d77f\nE       \t0x7ff64f782b0a\nE       \t0x7ff64f74cc36\nE       \t0x7ff64f7ababa\nE       \t0x7ff64f74b0ed\nE       \t0x7ff64f74bf63\nE       \t0x7ff64fc45d60\nE       \t0x7ff64fc3fe8a\nE       \t0x7ff64fc61005\nE       \t0x7ff64f98d71e\nE       \t0x7ff64f994e1f\nE       \t0x7ff64f97b7c4\nE       \t0x7ff64f97b97f\nE       \t0x7ff64f9618e8\nE       \t0x7ffe19e5e8d7\nE       \t0x7ffe1c0cc53c\n\n.venv\\Lib\\site-packages\\selenium\\webdriver\\remote\\errorhandler.py:232: ElementClickInterceptedException"}, "attachments": [{"name": "log", "source": "c86f43ee-a770-426d-b8ef-032e550245c4-attachment.txt", "type": "text/plain"}], "start": 1768337744425, "stop": 1768337748338, "uuid": "7ab59805-fd8e-46ef-a215-74d7f62159e4", "historyId": "a37b55d9fe3b2abd5b1d31939e005f57", "testCaseId": "a37b55d9fe3b2abd5b1d31939e005f57", "fullName": "test_home_page.Test_011_Home_Page#test_home_page_004", "labels": [{"name": "tag", "value": "sanity"}, {"name": "suite", "value": "test_home_page"}, {"name": "subSuite", "value": "Test_011_Home_Page"}, {"name": "host", "value": "lukesh"}, {"name": "thread", "value": "21712-MainThread"}, {"name": "framework", "value": "pytest"}, {"name": "language", "value": "cpython3"}, {"name": "package", "value": "test_home_page"}], "titlePath": ["test_home_page.py", "Test_011_Home_Page"]}