{"name": "test_add_to_cart_006", "status": "broken", "statusDetails": {"message": "selenium.common.exceptions.NoSuchElementException: Message: no such element: Unable to locate element: {\"method\":\"link text\",\"selector\":\"iMac\"}\n  (Session info: chrome=143.0.7499.193); For documentation on this error, please visit: https://www.selenium.dev/documentation/webdriver/troubleshooting/errors#nosuchelementexception\nStacktrace:\nSymbols not available. Dumping unresolved backtrace:\n\t0x7ff64fc1a235\n\t0x7ff64f972630\n\t0x7ff64f7016dd\n\t0x7ff64f75a27e\n\t0x7ff64f75a58c\n\t0x7ff64f7aed77\n\t0x7ff64f7ababa\n\t0x7ff64f74b0ed\n\t0x7ff64f74bf63\n\t0x7ff64fc45d60\n\t0x7ff64fc3fe8a\n\t0x7ff64fc61005\n\t0x7ff64f98d71e\n\t0x7ff64f994e1f\n\t0x7ff64f97b7c4\n\t0x7ff64f97b97f\n\t0x7ff64f9618e8\n\t0x7ffe19e5e8d7\n\t0x7ffe1c0cc53c", "trace": "self = <testCases.test_add_to_cart.Test_008_Add_To_Cart object at 0x000001E211BAEF10>\nsetup = <selenium.webdriver.chrome.webdriver.WebDriver (session=\"81e8976c5bc789557921fd56f30f1f0b\")>\n\n    @pytest.mark.sanity\n    def test_add_to_cart_006(self, setup):\n        self.driver = setup\n        self.logger.info(\"**************************** Test Add To Cart 006 is Start ****************************\")\n        self.driver.get(self.baseURL)\n        self.logger.info(\"Navigating to base url\")\n        self.atc = AddToCartPage(self.driver)\n        self.atc.click_on_add_to_cart_button_on_featured_home_page()\n        self.logger.info(\"Clicking on the add to cart button on featured home page \")\n        self.logger.info(\"**************************** Verifying Test Add To Cart 006 ****************************\")\n        self.pc = ProductComparePage(self.driver)\n        if self.pc.success_message().__contains__('Success: You have added MacBook to your shopping cart!'):\n            self.pc.click_on_shopping_cart_link()\n            self.logger.info(\"Clicking on the shopping cart link\")\n            if self.atc.is_title_of_the_page(\"Shopping Cart\"):\n>               if self.atc.get_product_name() == \"MacBook\":\n                   ^^^^^^^^^^^^^^^^^^^^^^^^^^^\n\ntestCases\\test_add_to_cart.py:234: \n_ _ _ _ _ _ _ _ _ _ _ _ _ _ _ _ _ _ _ _ _ _ _ _ _ _ _ _ _ _ _ _ _ _ _ _ _ _ _ _\npageObjects\\AddToCartPage.py:48: in get_product_name\n    product_name = self.driver.find_element(*AddToCartPage.productName).text\n                   ^^^^^^^^^^^^^^^^^^^^^^^^^^^^^^^^^^^^^^^^^^^^^^^^^^^^\n.venv\\Lib\\site-packages\\selenium\\webdriver\\remote\\webdriver.py:926: in find_element\n    return self.execute(Command.FIND_ELEMENT, {\"using\": by, \"value\": value})[\"value\"]\n           ^^^^^^^^^^^^^^^^^^^^^^^^^^^^^^^^^^^^^^^^^^^^^^^^^^^^^^^^^^^^^^^^^\n.venv\\Lib\\site-packages\\selenium\\webdriver\\remote\\webdriver.py:458: in execute\n    self.error_handler.check_response(response)\n_ _ _ _ _ _ _ _ _ _ _ _ _ _ _ _ _ _ _ _ _ _ _ _ _ _ _ _ _ _ _ _ _ _ _ _ _ _ _ _\n\nself = <selenium.webdriver.remote.errorhandler.ErrorHandler object at 0x000001E21240FBF0>\nresponse = {'status': 404, 'value': '{\"value\":{\"error\":\"no such element\",\"message\":\"no such element: Unable to locate element: {\\...ff64f994e1f\\\\n\\\\t0x7ff64f97b7c4\\\\n\\\\t0x7ff64f97b97f\\\\n\\\\t0x7ff64f9618e8\\\\n\\\\t0x7ffe19e5e8d7\\\\n\\\\t0x7ffe1c0cc53c\\\\n\"}}'}\n\n    def check_response(self, response: dict[str, Any]) -> None:\n        \"\"\"Checks that a JSON response from the WebDriver does not have an\n        error.\n    \n        :Args:\n         - response - The JSON response from the WebDriver server as a dictionary\n           object.\n    \n        :Raises: If the response contains an error message.\n        \"\"\"\n        status = response.get(\"status\", None)\n        if not status or status == ErrorCode.SUCCESS:\n            return\n        value = None\n        message = response.get(\"message\", \"\")\n        screen: str = response.get(\"screen\", \"\")\n        stacktrace = None\n        if isinstance(status, int):\n            value_json = response.get(\"value\", None)\n            if value_json and isinstance(value_json, str):\n                try:\n                    value = json.loads(value_json)\n                    if isinstance(value, dict):\n                        if len(value) == 1:\n                            value = value[\"value\"]\n                        status = value.get(\"error\", None)\n                        if not status:\n                            status = value.get(\"status\", ErrorCode.UNKNOWN_ERROR)\n                            message = value.get(\"value\") or value.get(\"message\")\n                            if not isinstance(message, str):\n                                value = message\n                                message = message.get(\"message\")\n                        else:\n                            message = value.get(\"message\", None)\n                except ValueError:\n                    pass\n    \n        exception_class: type[WebDriverException]\n        e = ErrorCode()\n        error_codes = [item for item in dir(e) if not item.startswith(\"__\")]\n        for error_code in error_codes:\n            error_info = getattr(ErrorCode, error_code)\n            if isinstance(error_info, list) and status in error_info:\n                exception_class = getattr(ExceptionMapping, error_code, WebDriverException)\n                break\n        else:\n            exception_class = WebDriverException\n    \n        if not value:\n            value = response[\"value\"]\n        if isinstance(value, str):\n            raise exception_class(value)\n        if message == \"\" and \"message\" in value:\n            message = value[\"message\"]\n    \n        screen = None  # type: ignore[assignment]\n        if \"screen\" in value:\n            screen = value[\"screen\"]\n    \n        stacktrace = None\n        st_value = value.get(\"stackTrace\") or value.get(\"stacktrace\")\n        if st_value:\n            if isinstance(st_value, str):\n                stacktrace = st_value.split(\"\\n\")\n            else:\n                stacktrace = []\n                try:\n                    for frame in st_value:\n                        line = frame.get(\"lineNumber\", \"\")\n                        file = frame.get(\"fileName\", \"<anonymous>\")\n                        if line:\n                            file = f\"{file}:{line}\"\n                        meth = frame.get(\"methodName\", \"<anonymous>\")\n                        if \"className\" in frame:\n                            meth = f\"{frame['className']}.{meth}\"\n                        msg = \"    at %s (%s)\"\n                        msg = msg % (meth, file)\n                        stacktrace.append(msg)\n                except TypeError:\n                    pass\n        if exception_class == UnexpectedAlertPresentException:\n            alert_text = None\n            if \"data\" in value:\n                alert_text = value[\"data\"].get(\"text\")\n            elif \"alert\" in value:\n                alert_text = value[\"alert\"].get(\"text\")\n            raise exception_class(message, screen, stacktrace, alert_text)  # type: ignore[call-arg]  # mypy is not smart enough here\n>       raise exception_class(message, screen, stacktrace)\nE       selenium.common.exceptions.NoSuchElementException: Message: no such element: Unable to locate element: {\"method\":\"link text\",\"selector\":\"iMac\"}\nE         (Session info: chrome=143.0.7499.193); For documentation on this error, please visit: https://www.selenium.dev/documentation/webdriver/troubleshooting/errors#nosuchelementexception\nE       Stacktrace:\nE       Symbols not available. Dumping unresolved backtrace:\nE       \t0x7ff64fc1a235\nE       \t0x7ff64f972630\nE       \t0x7ff64f7016dd\nE       \t0x7ff64f75a27e\nE       \t0x7ff64f75a58c\nE       \t0x7ff64f7aed77\nE       \t0x7ff64f7ababa\nE       \t0x7ff64f74b0ed\nE       \t0x7ff64f74bf63\nE       \t0x7ff64fc45d60\nE       \t0x7ff64fc3fe8a\nE       \t0x7ff64fc61005\nE       \t0x7ff64f98d71e\nE       \t0x7ff64f994e1f\nE       \t0x7ff64f97b7c4\nE       \t0x7ff64f97b97f\nE       \t0x7ff64f9618e8\nE       \t0x7ffe19e5e8d7\nE       \t0x7ffe1c0cc53c\n\n.venv\\Lib\\site-packages\\selenium\\webdriver\\remote\\errorhandler.py:232: NoSuchElementException"}, "attachments": [{"name": "log", "source": "bbdbf3c0-8c78-4b1c-b926-64ffddf8ead2-attachment.txt", "type": "text/plain"}], "start": 1768337780670, "stop": 1768337792322, "uuid": "9211016b-34af-42de-b144-b2d2f54b7199", "historyId": "f6a80fbd103e64aa903ce163abb8db93", "testCaseId": "f6a80fbd103e64aa903ce163abb8db93", "fullName": "test_add_to_cart.Test_008_Add_To_Cart#test_add_to_cart_006", "labels": [{"name": "tag", "value": "sanity"}, {"name": "suite", "value": "test_add_to_cart"}, {"name": "subSuite", "value": "Test_008_Add_To_Cart"}, {"name": "host", "value": "lukesh"}, {"name": "thread", "value": "22264-MainThread"}, {"name": "framework", "value": "pytest"}, {"name": "language", "value": "cpython3"}, {"name": "package", "value": "test_add_to_cart"}], "titlePath": ["test_add_to_cart.py", "Test_008_Add_To_Cart"]}